<?xml version="1.0" encoding="UTF-8"?>
<testsuite xmlns:xsi="http://www.w3.org/2001/XMLSchema-instance" xsi:noNamespaceSchemaLocation="https://maven.apache.org/surefire/maven-failsafe-plugin/xsd/failsafe-test-report.xsd" name="Orange.Test.RunnersFeature" time="15.417" tests="5" errors="0" skipped="0" failures="0">
  <properties>
[...]
</properties>
  <testcase name="Given abrir el navegador" classname="| Admin | admin123 | Ana | Suarez |" time="0.002"/>
  <testcase name="And diligenciar usuario Admin y password admin123" classname="| Admin | admin123 | Ana | Suarez |" time="0.001"/>
  <testcase name="And llegar a pim" classname="| Admin | admin123 | Ana | Suarez |" time="0"/>
  <testcase name="When diligenciar nombre Ana y apellido Suarez" classname="| Admin | admin123 | Ana | Suarez |" time="0"/>
  <testcase name="| Admin | admin123 | Ana | Suarez |" classname="| Admin | admin123 | Ana | Suarez |" time="2.876"/>
</testsuite>